{"message":"::1 - - [13/Dec/2020:14:02:40 +0000] \"GET / HTTP/1.1\" 200 2134 \"-\" \"Mozilla/5.0 (Windows NT 10.0; Win64; x64) AppleWebKit/537.36 (KHTML, like Gecko) Chrome/87.0.4280.88 Safari/537.36\"\n","level":"info"}
{"message":"::1 - - [13/Dec/2020:14:02:40 +0000] \"GET /css/bootstrap-rtl.css HTTP/1.1\" 304 - \"http://localhost:3000/\" \"Mozilla/5.0 (Windows NT 10.0; Win64; x64) AppleWebKit/537.36 (KHTML, like Gecko) Chrome/87.0.4280.88 Safari/537.36\"\n","level":"info"}
{"message":"::1 - - [13/Dec/2020:14:02:40 +0000] \"GET /css/font-awesome.css HTTP/1.1\" 304 - \"http://localhost:3000/\" \"Mozilla/5.0 (Windows NT 10.0; Win64; x64) AppleWebKit/537.36 (KHTML, like Gecko) Chrome/87.0.4280.88 Safari/537.36\"\n","level":"info"}
{"message":"::1 - - [13/Dec/2020:14:02:40 +0000] \"GET /js/jquery.slim.min.js HTTP/1.1\" 304 - \"http://localhost:3000/\" \"Mozilla/5.0 (Windows NT 10.0; Win64; x64) AppleWebKit/537.36 (KHTML, like Gecko) Chrome/87.0.4280.88 Safari/537.36\"\n","level":"info"}
{"message":"::1 - - [13/Dec/2020:14:02:40 +0000] \"GET /js/bootstrap.min.js HTTP/1.1\" 304 - \"http://localhost:3000/\" \"Mozilla/5.0 (Windows NT 10.0; Win64; x64) AppleWebKit/537.36 (KHTML, like Gecko) Chrome/87.0.4280.88 Safari/537.36\"\n","level":"info"}
{"message":"::1 - - [13/Dec/2020:14:02:40 +0000] \"GET /css/styles.css HTTP/1.1\" 200 333 \"http://localhost:3000/\" \"Mozilla/5.0 (Windows NT 10.0; Win64; x64) AppleWebKit/537.36 (KHTML, like Gecko) Chrome/87.0.4280.88 Safari/537.36\"\n","level":"info"}
{"message":"::1 - - [13/Dec/2020:14:02:40 +0000] \"GET /fonts/BYekan-webfont.woff HTTP/1.1\" 304 - \"http://localhost:3000/css/styles.css\" \"Mozilla/5.0 (Windows NT 10.0; Win64; x64) AppleWebKit/537.36 (KHTML, like Gecko) Chrome/87.0.4280.88 Safari/537.36\"\n","level":"info"}
{"message":"::1 - - [20/Dec/2020:10:54:24 +0000] \"GET /users/login HTTP/1.1\" 200 1988 \"-\" \"Mozilla/5.0 (Windows NT 10.0; Win64; x64) AppleWebKit/537.36 (KHTML, like Gecko) Chrome/87.0.4280.88 Safari/537.36\"\n","level":"info"}
{"message":"::1 - - [20/Dec/2020:10:54:24 +0000] \"GET /css/styles.css HTTP/1.1\" 200 333 \"http://localhost:3000/users/login\" \"Mozilla/5.0 (Windows NT 10.0; Win64; x64) AppleWebKit/537.36 (KHTML, like Gecko) Chrome/87.0.4280.88 Safari/537.36\"\n","level":"info"}
{"message":"::1 - - [20/Dec/2020:10:54:24 +0000] \"GET /css/bootstrap-rtl.css HTTP/1.1\" 304 - \"http://localhost:3000/users/login\" \"Mozilla/5.0 (Windows NT 10.0; Win64; x64) AppleWebKit/537.36 (KHTML, like Gecko) Chrome/87.0.4280.88 Safari/537.36\"\n","level":"info"}
{"message":"::1 - - [20/Dec/2020:10:54:24 +0000] \"GET /css/font-awesome.css HTTP/1.1\" 304 - \"http://localhost:3000/users/login\" \"Mozilla/5.0 (Windows NT 10.0; Win64; x64) AppleWebKit/537.36 (KHTML, like Gecko) Chrome/87.0.4280.88 Safari/537.36\"\n","level":"info"}
{"message":"::1 - - [20/Dec/2020:10:54:25 +0000] \"GET /js/jquery.slim.min.js HTTP/1.1\" 304 - \"http://localhost:3000/users/login\" \"Mozilla/5.0 (Windows NT 10.0; Win64; x64) AppleWebKit/537.36 (KHTML, like Gecko) Chrome/87.0.4280.88 Safari/537.36\"\n","level":"info"}
{"message":"::1 - - [20/Dec/2020:10:54:25 +0000] \"GET /js/bootstrap.min.js HTTP/1.1\" 304 - \"http://localhost:3000/users/login\" \"Mozilla/5.0 (Windows NT 10.0; Win64; x64) AppleWebKit/537.36 (KHTML, like Gecko) Chrome/87.0.4280.88 Safari/537.36\"\n","level":"info"}
{"message":"::1 - - [20/Dec/2020:10:54:25 +0000] \"GET /css/signin.css HTTP/1.1\" 200 861 \"http://localhost:3000/users/login\" \"Mozilla/5.0 (Windows NT 10.0; Win64; x64) AppleWebKit/537.36 (KHTML, like Gecko) Chrome/87.0.4280.88 Safari/537.36\"\n","level":"info"}
{"message":"::1 - - [20/Dec/2020:10:54:25 +0000] \"GET /fonts/BYekan-webfont.woff HTTP/1.1\" 304 - \"http://localhost:3000/css/styles.css\" \"Mozilla/5.0 (Windows NT 10.0; Win64; x64) AppleWebKit/537.36 (KHTML, like Gecko) Chrome/87.0.4280.88 Safari/537.36\"\n","level":"info"}
{"message":"::1 - - [20/Dec/2020:10:54:28 +0000] \"GET /users/favicon.ico HTTP/1.1\" 200 1569 \"http://localhost:3000/users/login\" \"Mozilla/5.0 (Windows NT 10.0; Win64; x64) AppleWebKit/537.36 (KHTML, like Gecko) Chrome/87.0.4280.88 Safari/537.36\"\n","level":"info"}
{"message":"::1 - - [20/Dec/2020:10:55:02 +0000] \"GET /users/login HTTP/1.1\" 200 2047 \"-\" \"Mozilla/5.0 (Windows NT 10.0; Win64; x64) AppleWebKit/537.36 (KHTML, like Gecko) Chrome/87.0.4280.88 Safari/537.36\"\n","level":"info"}
{"message":"::1 - - [20/Dec/2020:10:55:02 +0000] \"GET /css/styles.css HTTP/1.1\" 304 - \"http://localhost:3000/users/login\" \"Mozilla/5.0 (Windows NT 10.0; Win64; x64) AppleWebKit/537.36 (KHTML, like Gecko) Chrome/87.0.4280.88 Safari/537.36\"\n","level":"info"}
{"message":"::1 - - [20/Dec/2020:10:55:02 +0000] \"GET /css/bootstrap-rtl.css HTTP/1.1\" 304 - \"http://localhost:3000/users/login\" \"Mozilla/5.0 (Windows NT 10.0; Win64; x64) AppleWebKit/537.36 (KHTML, like Gecko) Chrome/87.0.4280.88 Safari/537.36\"\n","level":"info"}
{"message":"::1 - - [20/Dec/2020:10:55:02 +0000] \"GET /css/font-awesome.css HTTP/1.1\" 304 - \"http://localhost:3000/users/login\" \"Mozilla/5.0 (Windows NT 10.0; Win64; x64) AppleWebKit/537.36 (KHTML, like Gecko) Chrome/87.0.4280.88 Safari/537.36\"\n","level":"info"}
{"message":"::1 - - [20/Dec/2020:10:55:02 +0000] \"GET /css/signin.css HTTP/1.1\" 304 - \"http://localhost:3000/users/login\" \"Mozilla/5.0 (Windows NT 10.0; Win64; x64) AppleWebKit/537.36 (KHTML, like Gecko) Chrome/87.0.4280.88 Safari/537.36\"\n","level":"info"}
{"message":"::1 - - [20/Dec/2020:10:55:02 +0000] \"GET /js/jquery.slim.min.js HTTP/1.1\" 304 - \"http://localhost:3000/users/login\" \"Mozilla/5.0 (Windows NT 10.0; Win64; x64) AppleWebKit/537.36 (KHTML, like Gecko) Chrome/87.0.4280.88 Safari/537.36\"\n","level":"info"}
{"message":"::1 - - [20/Dec/2020:10:55:02 +0000] \"GET /js/bootstrap.min.js HTTP/1.1\" 304 - \"http://localhost:3000/users/login\" \"Mozilla/5.0 (Windows NT 10.0; Win64; x64) AppleWebKit/537.36 (KHTML, like Gecko) Chrome/87.0.4280.88 Safari/537.36\"\n","level":"info"}
{"message":"::1 - - [20/Dec/2020:10:55:02 +0000] \"GET /fonts/BYekan-webfont.woff HTTP/1.1\" 304 - \"http://localhost:3000/css/styles.css\" \"Mozilla/5.0 (Windows NT 10.0; Win64; x64) AppleWebKit/537.36 (KHTML, like Gecko) Chrome/87.0.4280.88 Safari/537.36\"\n","level":"info"}
{"message":"::1 - - [20/Dec/2020:10:55:04 +0000] \"GET /users/favicon.ico HTTP/1.1\" 200 1569 \"http://localhost:3000/users/login\" \"Mozilla/5.0 (Windows NT 10.0; Win64; x64) AppleWebKit/537.36 (KHTML, like Gecko) Chrome/87.0.4280.88 Safari/537.36\"\n","level":"info"}
{"message":"::1 - - [20/Dec/2020:10:55:06 +0000] \"GET /users/login HTTP/1.1\" 304 - \"-\" \"Mozilla/5.0 (Windows NT 10.0; Win64; x64) AppleWebKit/537.36 (KHTML, like Gecko) Chrome/87.0.4280.88 Safari/537.36\"\n","level":"info"}
{"message":"::1 - - [20/Dec/2020:10:55:06 +0000] \"GET /css/styles.css HTTP/1.1\" 304 - \"http://localhost:3000/users/login\" \"Mozilla/5.0 (Windows NT 10.0; Win64; x64) AppleWebKit/537.36 (KHTML, like Gecko) Chrome/87.0.4280.88 Safari/537.36\"\n","level":"info"}
{"message":"::1 - - [20/Dec/2020:10:55:06 +0000] \"GET /css/bootstrap-rtl.css HTTP/1.1\" 304 - \"http://localhost:3000/users/login\" \"Mozilla/5.0 (Windows NT 10.0; Win64; x64) AppleWebKit/537.36 (KHTML, like Gecko) Chrome/87.0.4280.88 Safari/537.36\"\n","level":"info"}
{"message":"::1 - - [20/Dec/2020:10:55:06 +0000] \"GET /css/font-awesome.css HTTP/1.1\" 304 - \"http://localhost:3000/users/login\" \"Mozilla/5.0 (Windows NT 10.0; Win64; x64) AppleWebKit/537.36 (KHTML, like Gecko) Chrome/87.0.4280.88 Safari/537.36\"\n","level":"info"}
{"message":"::1 - - [20/Dec/2020:10:55:06 +0000] \"GET /css/signin.css HTTP/1.1\" 304 - \"http://localhost:3000/users/login\" \"Mozilla/5.0 (Windows NT 10.0; Win64; x64) AppleWebKit/537.36 (KHTML, like Gecko) Chrome/87.0.4280.88 Safari/537.36\"\n","level":"info"}
{"message":"::1 - - [20/Dec/2020:10:55:06 +0000] \"GET /js/jquery.slim.min.js HTTP/1.1\" 304 - \"http://localhost:3000/users/login\" \"Mozilla/5.0 (Windows NT 10.0; Win64; x64) AppleWebKit/537.36 (KHTML, like Gecko) Chrome/87.0.4280.88 Safari/537.36\"\n","level":"info"}
{"message":"::1 - - [20/Dec/2020:10:55:06 +0000] \"GET /js/bootstrap.min.js HTTP/1.1\" 304 - \"http://localhost:3000/users/login\" \"Mozilla/5.0 (Windows NT 10.0; Win64; x64) AppleWebKit/537.36 (KHTML, like Gecko) Chrome/87.0.4280.88 Safari/537.36\"\n","level":"info"}
{"message":"::1 - - [20/Dec/2020:10:55:06 +0000] \"GET /fonts/BYekan-webfont.woff HTTP/1.1\" 304 - \"http://localhost:3000/css/styles.css\" \"Mozilla/5.0 (Windows NT 10.0; Win64; x64) AppleWebKit/537.36 (KHTML, like Gecko) Chrome/87.0.4280.88 Safari/537.36\"\n","level":"info"}
{"message":"::1 - - [20/Dec/2020:10:55:08 +0000] \"GET /users/favicon.ico HTTP/1.1\" 200 1569 \"http://localhost:3000/users/login\" \"Mozilla/5.0 (Windows NT 10.0; Win64; x64) AppleWebKit/537.36 (KHTML, like Gecko) Chrome/87.0.4280.88 Safari/537.36\"\n","level":"info"}
{"message":"::1 - - [20/Dec/2020:10:55:27 +0000] \"GET /users/login HTTP/1.1\" 200 2044 \"-\" \"Mozilla/5.0 (Windows NT 10.0; Win64; x64) AppleWebKit/537.36 (KHTML, like Gecko) Chrome/87.0.4280.88 Safari/537.36\"\n","level":"info"}
{"message":"::1 - - [20/Dec/2020:10:55:27 +0000] \"GET /css/styles.css HTTP/1.1\" 304 - \"http://localhost:3000/users/login\" \"Mozilla/5.0 (Windows NT 10.0; Win64; x64) AppleWebKit/537.36 (KHTML, like Gecko) Chrome/87.0.4280.88 Safari/537.36\"\n","level":"info"}
{"message":"::1 - - [20/Dec/2020:10:55:27 +0000] \"GET /css/bootstrap-rtl.css HTTP/1.1\" 304 - \"http://localhost:3000/users/login\" \"Mozilla/5.0 (Windows NT 10.0; Win64; x64) AppleWebKit/537.36 (KHTML, like Gecko) Chrome/87.0.4280.88 Safari/537.36\"\n","level":"info"}
{"message":"::1 - - [20/Dec/2020:10:55:27 +0000] \"GET /css/font-awesome.css HTTP/1.1\" 304 - \"http://localhost:3000/users/login\" \"Mozilla/5.0 (Windows NT 10.0; Win64; x64) AppleWebKit/537.36 (KHTML, like Gecko) Chrome/87.0.4280.88 Safari/537.36\"\n","level":"info"}
{"message":"::1 - - [20/Dec/2020:10:55:27 +0000] \"GET /css/signin.css HTTP/1.1\" 304 - \"http://localhost:3000/users/login\" \"Mozilla/5.0 (Windows NT 10.0; Win64; x64) AppleWebKit/537.36 (KHTML, like Gecko) Chrome/87.0.4280.88 Safari/537.36\"\n","level":"info"}
{"message":"::1 - - [20/Dec/2020:10:55:27 +0000] \"GET /js/jquery.slim.min.js HTTP/1.1\" 304 - \"http://localhost:3000/users/login\" \"Mozilla/5.0 (Windows NT 10.0; Win64; x64) AppleWebKit/537.36 (KHTML, like Gecko) Chrome/87.0.4280.88 Safari/537.36\"\n","level":"info"}
{"message":"::1 - - [20/Dec/2020:10:55:27 +0000] \"GET /js/bootstrap.min.js HTTP/1.1\" 304 - \"http://localhost:3000/users/login\" \"Mozilla/5.0 (Windows NT 10.0; Win64; x64) AppleWebKit/537.36 (KHTML, like Gecko) Chrome/87.0.4280.88 Safari/537.36\"\n","level":"info"}
{"message":"::1 - - [20/Dec/2020:10:55:27 +0000] \"GET /fonts/BYekan-webfont.woff HTTP/1.1\" 304 - \"http://localhost:3000/css/styles.css\" \"Mozilla/5.0 (Windows NT 10.0; Win64; x64) AppleWebKit/537.36 (KHTML, like Gecko) Chrome/87.0.4280.88 Safari/537.36\"\n","level":"info"}
{"message":"::1 - - [20/Dec/2020:10:55:29 +0000] \"GET /users/favicon.ico HTTP/1.1\" 200 1569 \"http://localhost:3000/users/login\" \"Mozilla/5.0 (Windows NT 10.0; Win64; x64) AppleWebKit/537.36 (KHTML, like Gecko) Chrome/87.0.4280.88 Safari/537.36\"\n","level":"info"}
{"message":"::1 - - [20/Dec/2020:10:57:40 +0000] \"GET /users/login HTTP/1.1\" 200 2050 \"-\" \"Mozilla/5.0 (Windows NT 10.0; Win64; x64) AppleWebKit/537.36 (KHTML, like Gecko) Chrome/87.0.4280.88 Safari/537.36\"\n","level":"info"}
{"message":"::1 - - [20/Dec/2020:10:57:41 +0000] \"GET /css/styles.css HTTP/1.1\" 304 - \"http://localhost:3000/users/login\" \"Mozilla/5.0 (Windows NT 10.0; Win64; x64) AppleWebKit/537.36 (KHTML, like Gecko) Chrome/87.0.4280.88 Safari/537.36\"\n","level":"info"}
{"message":"::1 - - [20/Dec/2020:10:57:41 +0000] \"GET /css/bootstrap-rtl.css HTTP/1.1\" 304 - \"http://localhost:3000/users/login\" \"Mozilla/5.0 (Windows NT 10.0; Win64; x64) AppleWebKit/537.36 (KHTML, like Gecko) Chrome/87.0.4280.88 Safari/537.36\"\n","level":"info"}
{"message":"::1 - - [20/Dec/2020:10:57:41 +0000] \"GET /css/font-awesome.css HTTP/1.1\" 304 - \"http://localhost:3000/users/login\" \"Mozilla/5.0 (Windows NT 10.0; Win64; x64) AppleWebKit/537.36 (KHTML, like Gecko) Chrome/87.0.4280.88 Safari/537.36\"\n","level":"info"}
{"message":"::1 - - [20/Dec/2020:10:57:41 +0000] \"GET /css/signin.css HTTP/1.1\" 304 - \"http://localhost:3000/users/login\" \"Mozilla/5.0 (Windows NT 10.0; Win64; x64) AppleWebKit/537.36 (KHTML, like Gecko) Chrome/87.0.4280.88 Safari/537.36\"\n","level":"info"}
{"message":"::1 - - [20/Dec/2020:10:57:41 +0000] \"GET /js/jquery.slim.min.js HTTP/1.1\" 304 - \"http://localhost:3000/users/login\" \"Mozilla/5.0 (Windows NT 10.0; Win64; x64) AppleWebKit/537.36 (KHTML, like Gecko) Chrome/87.0.4280.88 Safari/537.36\"\n","level":"info"}
{"message":"::1 - - [20/Dec/2020:10:57:41 +0000] \"GET /js/bootstrap.min.js HTTP/1.1\" 304 - \"http://localhost:3000/users/login\" \"Mozilla/5.0 (Windows NT 10.0; Win64; x64) AppleWebKit/537.36 (KHTML, like Gecko) Chrome/87.0.4280.88 Safari/537.36\"\n","level":"info"}
{"message":"::1 - - [20/Dec/2020:10:57:41 +0000] \"GET /fonts/BYekan-webfont.woff HTTP/1.1\" 304 - \"http://localhost:3000/css/styles.css\" \"Mozilla/5.0 (Windows NT 10.0; Win64; x64) AppleWebKit/537.36 (KHTML, like Gecko) Chrome/87.0.4280.88 Safari/537.36\"\n","level":"info"}
{"message":"::1 - - [20/Dec/2020:10:57:43 +0000] \"GET /users/favicon.ico HTTP/1.1\" 200 1569 \"http://localhost:3000/users/login\" \"Mozilla/5.0 (Windows NT 10.0; Win64; x64) AppleWebKit/537.36 (KHTML, like Gecko) Chrome/87.0.4280.88 Safari/537.36\"\n","level":"info"}
{"message":"::1 - - [21/Dec/2020:07:18:06 +0000] \"GET / HTTP/1.1\" 200 2134 \"-\" \"Mozilla/5.0 (Windows NT 10.0; Win64; x64) AppleWebKit/537.36 (KHTML, like Gecko) Chrome/87.0.4280.88 Safari/537.36\"\n","level":"info"}
{"message":"::1 - - [21/Dec/2020:07:18:06 +0000] \"GET /css/styles.css HTTP/1.1\" 304 - \"http://localhost:3000/\" \"Mozilla/5.0 (Windows NT 10.0; Win64; x64) AppleWebKit/537.36 (KHTML, like Gecko) Chrome/87.0.4280.88 Safari/537.36\"\n","level":"info"}
{"message":"::1 - - [21/Dec/2020:07:18:06 +0000] \"GET /css/bootstrap-rtl.css HTTP/1.1\" 304 - \"http://localhost:3000/\" \"Mozilla/5.0 (Windows NT 10.0; Win64; x64) AppleWebKit/537.36 (KHTML, like Gecko) Chrome/87.0.4280.88 Safari/537.36\"\n","level":"info"}
{"message":"::1 - - [21/Dec/2020:07:18:06 +0000] \"GET /css/font-awesome.css HTTP/1.1\" 304 - \"http://localhost:3000/\" \"Mozilla/5.0 (Windows NT 10.0; Win64; x64) AppleWebKit/537.36 (KHTML, like Gecko) Chrome/87.0.4280.88 Safari/537.36\"\n","level":"info"}
{"message":"::1 - - [21/Dec/2020:07:18:06 +0000] \"GET /js/jquery.slim.min.js HTTP/1.1\" 304 - \"http://localhost:3000/\" \"Mozilla/5.0 (Windows NT 10.0; Win64; x64) AppleWebKit/537.36 (KHTML, like Gecko) Chrome/87.0.4280.88 Safari/537.36\"\n","level":"info"}
{"message":"::1 - - [21/Dec/2020:07:18:06 +0000] \"GET /js/bootstrap.min.js HTTP/1.1\" 304 - \"http://localhost:3000/\" \"Mozilla/5.0 (Windows NT 10.0; Win64; x64) AppleWebKit/537.36 (KHTML, like Gecko) Chrome/87.0.4280.88 Safari/537.36\"\n","level":"info"}
{"message":"::1 - - [21/Dec/2020:07:18:07 +0000] \"GET /fonts/BYekan-webfont.woff HTTP/1.1\" 304 - \"http://localhost:3000/css/styles.css\" \"Mozilla/5.0 (Windows NT 10.0; Win64; x64) AppleWebKit/537.36 (KHTML, like Gecko) Chrome/87.0.4280.88 Safari/537.36\"\n","level":"info"}
{"message":"::1 - - [21/Dec/2020:07:18:07 +0000] \"GET /favicon.ico HTTP/1.1\" 304 - \"http://localhost:3000/\" \"Mozilla/5.0 (Windows NT 10.0; Win64; x64) AppleWebKit/537.36 (KHTML, like Gecko) Chrome/87.0.4280.88 Safari/537.36\"\n","level":"info"}
{"message":"::1 - - [21/Dec/2020:07:18:11 +0000] \"GET /users/login HTTP/1.1\" 304 - \"-\" \"Mozilla/5.0 (Windows NT 10.0; Win64; x64) AppleWebKit/537.36 (KHTML, like Gecko) Chrome/87.0.4280.88 Safari/537.36\"\n","level":"info"}
{"message":"::1 - - [21/Dec/2020:07:18:11 +0000] \"GET /css/styles.css HTTP/1.1\" 304 - \"http://localhost:3000/users/login\" \"Mozilla/5.0 (Windows NT 10.0; Win64; x64) AppleWebKit/537.36 (KHTML, like Gecko) Chrome/87.0.4280.88 Safari/537.36\"\n","level":"info"}
{"message":"::1 - - [21/Dec/2020:07:18:11 +0000] \"GET /css/bootstrap-rtl.css HTTP/1.1\" 304 - \"http://localhost:3000/users/login\" \"Mozilla/5.0 (Windows NT 10.0; Win64; x64) AppleWebKit/537.36 (KHTML, like Gecko) Chrome/87.0.4280.88 Safari/537.36\"\n","level":"info"}
{"message":"::1 - - [21/Dec/2020:07:18:11 +0000] \"GET /css/font-awesome.css HTTP/1.1\" 304 - \"http://localhost:3000/users/login\" \"Mozilla/5.0 (Windows NT 10.0; Win64; x64) AppleWebKit/537.36 (KHTML, like Gecko) Chrome/87.0.4280.88 Safari/537.36\"\n","level":"info"}
{"message":"::1 - - [21/Dec/2020:07:18:11 +0000] \"GET /css/signin.css HTTP/1.1\" 304 - \"http://localhost:3000/users/login\" \"Mozilla/5.0 (Windows NT 10.0; Win64; x64) AppleWebKit/537.36 (KHTML, like Gecko) Chrome/87.0.4280.88 Safari/537.36\"\n","level":"info"}
{"message":"::1 - - [21/Dec/2020:07:18:11 +0000] \"GET /js/jquery.slim.min.js HTTP/1.1\" 304 - \"http://localhost:3000/users/login\" \"Mozilla/5.0 (Windows NT 10.0; Win64; x64) AppleWebKit/537.36 (KHTML, like Gecko) Chrome/87.0.4280.88 Safari/537.36\"\n","level":"info"}
{"message":"::1 - - [21/Dec/2020:07:18:11 +0000] \"GET /js/bootstrap.min.js HTTP/1.1\" 304 - \"http://localhost:3000/users/login\" \"Mozilla/5.0 (Windows NT 10.0; Win64; x64) AppleWebKit/537.36 (KHTML, like Gecko) Chrome/87.0.4280.88 Safari/537.36\"\n","level":"info"}
{"message":"::1 - - [21/Dec/2020:07:18:14 +0000] \"GET /users/favicon.ico HTTP/1.1\" 200 1569 \"http://localhost:3000/users/login\" \"Mozilla/5.0 (Windows NT 10.0; Win64; x64) AppleWebKit/537.36 (KHTML, like Gecko) Chrome/87.0.4280.88 Safari/537.36\"\n","level":"info"}
{"message":"::1 - - [21/Dec/2020:07:35:50 +0000] \"GET /users/login HTTP/1.1\" 304 - \"-\" \"Mozilla/5.0 (Windows NT 10.0; Win64; x64) AppleWebKit/537.36 (KHTML, like Gecko) Chrome/87.0.4280.88 Safari/537.36\"\n","level":"info"}
{"message":"::1 - - [21/Dec/2020:07:35:50 +0000] \"GET /css/styles.css HTTP/1.1\" 304 - \"http://localhost:3000/users/login\" \"Mozilla/5.0 (Windows NT 10.0; Win64; x64) AppleWebKit/537.36 (KHTML, like Gecko) Chrome/87.0.4280.88 Safari/537.36\"\n","level":"info"}
{"message":"::1 - - [21/Dec/2020:07:35:50 +0000] \"GET /css/bootstrap-rtl.css HTTP/1.1\" 304 - \"http://localhost:3000/users/login\" \"Mozilla/5.0 (Windows NT 10.0; Win64; x64) AppleWebKit/537.36 (KHTML, like Gecko) Chrome/87.0.4280.88 Safari/537.36\"\n","level":"info"}
{"message":"::1 - - [21/Dec/2020:07:35:50 +0000] \"GET /css/signin.css HTTP/1.1\" 304 - \"http://localhost:3000/users/login\" \"Mozilla/5.0 (Windows NT 10.0; Win64; x64) AppleWebKit/537.36 (KHTML, like Gecko) Chrome/87.0.4280.88 Safari/537.36\"\n","level":"info"}
{"message":"::1 - - [21/Dec/2020:07:35:50 +0000] \"GET /css/font-awesome.css HTTP/1.1\" 304 - \"http://localhost:3000/users/login\" \"Mozilla/5.0 (Windows NT 10.0; Win64; x64) AppleWebKit/537.36 (KHTML, like Gecko) Chrome/87.0.4280.88 Safari/537.36\"\n","level":"info"}
{"message":"::1 - - [21/Dec/2020:07:35:50 +0000] \"GET /js/bootstrap.min.js HTTP/1.1\" 304 - \"http://localhost:3000/users/login\" \"Mozilla/5.0 (Windows NT 10.0; Win64; x64) AppleWebKit/537.36 (KHTML, like Gecko) Chrome/87.0.4280.88 Safari/537.36\"\n","level":"info"}
{"message":"::1 - - [21/Dec/2020:07:35:50 +0000] \"GET /js/jquery.slim.min.js HTTP/1.1\" 304 - \"http://localhost:3000/users/login\" \"Mozilla/5.0 (Windows NT 10.0; Win64; x64) AppleWebKit/537.36 (KHTML, like Gecko) Chrome/87.0.4280.88 Safari/537.36\"\n","level":"info"}
{"message":"::1 - - [21/Dec/2020:07:35:51 +0000] \"GET /fonts/BYekan-webfont.woff HTTP/1.1\" 304 - \"http://localhost:3000/css/styles.css\" \"Mozilla/5.0 (Windows NT 10.0; Win64; x64) AppleWebKit/537.36 (KHTML, like Gecko) Chrome/87.0.4280.88 Safari/537.36\"\n","level":"info"}
{"message":"::1 - - [21/Dec/2020:07:35:54 +0000] \"GET /users/favicon.ico HTTP/1.1\" 200 1569 \"http://localhost:3000/users/login\" \"Mozilla/5.0 (Windows NT 10.0; Win64; x64) AppleWebKit/537.36 (KHTML, like Gecko) Chrome/87.0.4280.88 Safari/537.36\"\n","level":"info"}
{"message":"::1 - - [21/Dec/2020:07:35:58 +0000] \"POST /users/login HTTP/1.1\" 302 68 \"http://localhost:3000/users/login\" \"Mozilla/5.0 (Windows NT 10.0; Win64; x64) AppleWebKit/537.36 (KHTML, like Gecko) Chrome/87.0.4280.88 Safari/537.36\"\n","level":"info"}
{"message":"::1 - - [21/Dec/2020:07:35:58 +0000] \"GET /users/login HTTP/1.1\" 200 2346 \"http://localhost:3000/users/login\" \"Mozilla/5.0 (Windows NT 10.0; Win64; x64) AppleWebKit/537.36 (KHTML, like Gecko) Chrome/87.0.4280.88 Safari/537.36\"\n","level":"info"}
{"message":"::1 - - [21/Dec/2020:07:35:58 +0000] \"GET /css/styles.css HTTP/1.1\" 304 - \"http://localhost:3000/users/login\" \"Mozilla/5.0 (Windows NT 10.0; Win64; x64) AppleWebKit/537.36 (KHTML, like Gecko) Chrome/87.0.4280.88 Safari/537.36\"\n","level":"info"}
{"message":"::1 - - [21/Dec/2020:07:35:58 +0000] \"GET /css/bootstrap-rtl.css HTTP/1.1\" 304 - \"http://localhost:3000/users/login\" \"Mozilla/5.0 (Windows NT 10.0; Win64; x64) AppleWebKit/537.36 (KHTML, like Gecko) Chrome/87.0.4280.88 Safari/537.36\"\n","level":"info"}
{"message":"::1 - - [21/Dec/2020:07:35:58 +0000] \"GET /css/font-awesome.css HTTP/1.1\" 304 - \"http://localhost:3000/users/login\" \"Mozilla/5.0 (Windows NT 10.0; Win64; x64) AppleWebKit/537.36 (KHTML, like Gecko) Chrome/87.0.4280.88 Safari/537.36\"\n","level":"info"}
{"message":"::1 - - [21/Dec/2020:07:35:58 +0000] \"GET /css/signin.css HTTP/1.1\" 304 - \"http://localhost:3000/users/login\" \"Mozilla/5.0 (Windows NT 10.0; Win64; x64) AppleWebKit/537.36 (KHTML, like Gecko) Chrome/87.0.4280.88 Safari/537.36\"\n","level":"info"}
{"message":"::1 - - [21/Dec/2020:07:35:58 +0000] \"GET /js/jquery.slim.min.js HTTP/1.1\" 304 - \"http://localhost:3000/users/login\" \"Mozilla/5.0 (Windows NT 10.0; Win64; x64) AppleWebKit/537.36 (KHTML, like Gecko) Chrome/87.0.4280.88 Safari/537.36\"\n","level":"info"}
{"message":"::1 - - [21/Dec/2020:07:35:58 +0000] \"GET /js/bootstrap.min.js HTTP/1.1\" 304 - \"http://localhost:3000/users/login\" \"Mozilla/5.0 (Windows NT 10.0; Win64; x64) AppleWebKit/537.36 (KHTML, like Gecko) Chrome/87.0.4280.88 Safari/537.36\"\n","level":"info"}
{"message":"::1 - - [21/Dec/2020:07:35:58 +0000] \"GET /fonts/BYekan-webfont.woff HTTP/1.1\" 304 - \"http://localhost:3000/css/styles.css\" \"Mozilla/5.0 (Windows NT 10.0; Win64; x64) AppleWebKit/537.36 (KHTML, like Gecko) Chrome/87.0.4280.88 Safari/537.36\"\n","level":"info"}
{"message":"::1 - - [21/Dec/2020:07:36:00 +0000] \"GET /users/favicon.ico HTTP/1.1\" 304 - \"http://localhost:3000/users/login\" \"Mozilla/5.0 (Windows NT 10.0; Win64; x64) AppleWebKit/537.36 (KHTML, like Gecko) Chrome/87.0.4280.88 Safari/537.36\"\n","level":"info"}
{"message":"::1 - - [21/Dec/2020:07:36:30 +0000] \"POST /users/login HTTP/1.1\" 302 64 \"http://localhost:3000/users/login\" \"Mozilla/5.0 (Windows NT 10.0; Win64; x64) AppleWebKit/537.36 (KHTML, like Gecko) Chrome/87.0.4280.88 Safari/537.36\"\n","level":"info"}
{"message":"::1 - - [21/Dec/2020:07:36:30 +0000] \"GET /dashboard HTTP/1.1\" 200 4306 \"http://localhost:3000/users/login\" \"Mozilla/5.0 (Windows NT 10.0; Win64; x64) AppleWebKit/537.36 (KHTML, like Gecko) Chrome/87.0.4280.88 Safari/537.36\"\n","level":"info"}
{"message":"::1 - - [21/Dec/2020:07:36:30 +0000] \"GET /css/bootstrap-rtl.css HTTP/1.1\" 304 - \"http://localhost:3000/dashboard\" \"Mozilla/5.0 (Windows NT 10.0; Win64; x64) AppleWebKit/537.36 (KHTML, like Gecko) Chrome/87.0.4280.88 Safari/537.36\"\n","level":"info"}
{"message":"::1 - - [21/Dec/2020:07:36:30 +0000] \"GET /css/font-awesome.css HTTP/1.1\" 304 - \"http://localhost:3000/dashboard\" \"Mozilla/5.0 (Windows NT 10.0; Win64; x64) AppleWebKit/537.36 (KHTML, like Gecko) Chrome/87.0.4280.88 Safari/537.36\"\n","level":"info"}
{"message":"::1 - - [21/Dec/2020:07:36:30 +0000] \"GET /css/styles.css HTTP/1.1\" 304 - \"http://localhost:3000/dashboard\" \"Mozilla/5.0 (Windows NT 10.0; Win64; x64) AppleWebKit/537.36 (KHTML, like Gecko) Chrome/87.0.4280.88 Safari/537.36\"\n","level":"info"}
{"message":"::1 - - [21/Dec/2020:07:36:30 +0000] \"GET /css/dashboard.css HTTP/1.1\" 200 1879 \"http://localhost:3000/dashboard\" \"Mozilla/5.0 (Windows NT 10.0; Win64; x64) AppleWebKit/537.36 (KHTML, like Gecko) Chrome/87.0.4280.88 Safari/537.36\"\n","level":"info"}
{"message":"::1 - - [21/Dec/2020:07:36:30 +0000] \"GET /js/jquery.slim.min.js HTTP/1.1\" 304 - \"http://localhost:3000/dashboard\" \"Mozilla/5.0 (Windows NT 10.0; Win64; x64) AppleWebKit/537.36 (KHTML, like Gecko) Chrome/87.0.4280.88 Safari/537.36\"\n","level":"info"}
{"message":"::1 - - [21/Dec/2020:07:36:30 +0000] \"GET /js/bootstrap.bundle.min.js HTTP/1.1\" 304 - \"http://localhost:3000/dashboard\" \"Mozilla/5.0 (Windows NT 10.0; Win64; x64) AppleWebKit/537.36 (KHTML, like Gecko) Chrome/87.0.4280.88 Safari/537.36\"\n","level":"info"}
{"message":"::1 - - [21/Dec/2020:07:36:31 +0000] \"GET /fonts/BYekan-webfont.woff HTTP/1.1\" 304 - \"http://localhost:3000/css/styles.css\" \"Mozilla/5.0 (Windows NT 10.0; Win64; x64) AppleWebKit/537.36 (KHTML, like Gecko) Chrome/87.0.4280.88 Safari/537.36\"\n","level":"info"}
{"message":"::1 - - [21/Dec/2020:07:36:31 +0000] \"GET /fonts/fontawesome-webfont.woff2?v=4.7.0 HTTP/1.1\" 304 - \"http://localhost:3000/css/font-awesome.css\" \"Mozilla/5.0 (Windows NT 10.0; Win64; x64) AppleWebKit/537.36 (KHTML, like Gecko) Chrome/87.0.4280.88 Safari/537.36\"\n","level":"info"}
{"message":"::1 - - [21/Dec/2020:07:36:31 +0000] \"GET /favicon.ico HTTP/1.1\" 304 - \"http://localhost:3000/dashboard\" \"Mozilla/5.0 (Windows NT 10.0; Win64; x64) AppleWebKit/537.36 (KHTML, like Gecko) Chrome/87.0.4280.88 Safari/537.36\"\n","level":"info"}
{"message":"::1 - - [21/Dec/2020:07:36:35 +0000] \"GET /users/logout HTTP/1.1\" 302 68 \"http://localhost:3000/dashboard\" \"Mozilla/5.0 (Windows NT 10.0; Win64; x64) AppleWebKit/537.36 (KHTML, like Gecko) Chrome/87.0.4280.88 Safari/537.36\"\n","level":"info"}
{"message":"::1 - - [21/Dec/2020:07:36:35 +0000] \"GET /users/login HTTP/1.1\" 200 2327 \"http://localhost:3000/dashboard\" \"Mozilla/5.0 (Windows NT 10.0; Win64; x64) AppleWebKit/537.36 (KHTML, like Gecko) Chrome/87.0.4280.88 Safari/537.36\"\n","level":"info"}
{"message":"::1 - - [21/Dec/2020:07:36:35 +0000] \"GET /css/styles.css HTTP/1.1\" 304 - \"http://localhost:3000/users/login\" \"Mozilla/5.0 (Windows NT 10.0; Win64; x64) AppleWebKit/537.36 (KHTML, like Gecko) Chrome/87.0.4280.88 Safari/537.36\"\n","level":"info"}
{"message":"::1 - - [21/Dec/2020:07:36:35 +0000] \"GET /css/bootstrap-rtl.css HTTP/1.1\" 304 - \"http://localhost:3000/users/login\" \"Mozilla/5.0 (Windows NT 10.0; Win64; x64) AppleWebKit/537.36 (KHTML, like Gecko) Chrome/87.0.4280.88 Safari/537.36\"\n","level":"info"}
{"message":"::1 - - [21/Dec/2020:07:36:35 +0000] \"GET /css/font-awesome.css HTTP/1.1\" 304 - \"http://localhost:3000/users/login\" \"Mozilla/5.0 (Windows NT 10.0; Win64; x64) AppleWebKit/537.36 (KHTML, like Gecko) Chrome/87.0.4280.88 Safari/537.36\"\n","level":"info"}
{"message":"::1 - - [21/Dec/2020:07:36:35 +0000] \"GET /css/signin.css HTTP/1.1\" 304 - \"http://localhost:3000/users/login\" \"Mozilla/5.0 (Windows NT 10.0; Win64; x64) AppleWebKit/537.36 (KHTML, like Gecko) Chrome/87.0.4280.88 Safari/537.36\"\n","level":"info"}
{"message":"::1 - - [21/Dec/2020:07:36:35 +0000] \"GET /js/bootstrap.min.js HTTP/1.1\" 304 - \"http://localhost:3000/users/login\" \"Mozilla/5.0 (Windows NT 10.0; Win64; x64) AppleWebKit/537.36 (KHTML, like Gecko) Chrome/87.0.4280.88 Safari/537.36\"\n","level":"info"}
{"message":"::1 - - [21/Dec/2020:07:36:35 +0000] \"GET /js/jquery.slim.min.js HTTP/1.1\" 304 - \"http://localhost:3000/users/login\" \"Mozilla/5.0 (Windows NT 10.0; Win64; x64) AppleWebKit/537.36 (KHTML, like Gecko) Chrome/87.0.4280.88 Safari/537.36\"\n","level":"info"}
{"message":"::1 - - [21/Dec/2020:07:36:36 +0000] \"GET /fonts/BYekan-webfont.woff HTTP/1.1\" 304 - \"http://localhost:3000/css/styles.css\" \"Mozilla/5.0 (Windows NT 10.0; Win64; x64) AppleWebKit/537.36 (KHTML, like Gecko) Chrome/87.0.4280.88 Safari/537.36\"\n","level":"info"}
{"message":"::1 - - [21/Dec/2020:07:36:38 +0000] \"GET /users/favicon.ico HTTP/1.1\" 304 - \"http://localhost:3000/users/login\" \"Mozilla/5.0 (Windows NT 10.0; Win64; x64) AppleWebKit/537.36 (KHTML, like Gecko) Chrome/87.0.4280.88 Safari/537.36\"\n","level":"info"}
{"message":"::1 - - [21/Dec/2020:07:41:34 +0000] \"GET /users/login HTTP/1.1\" 200 2050 \"http://localhost:3000/dashboard\" \"Mozilla/5.0 (Windows NT 10.0; Win64; x64) AppleWebKit/537.36 (KHTML, like Gecko) Chrome/87.0.4280.88 Safari/537.36\"\n","level":"info"}
{"message":"::1 - - [21/Dec/2020:07:41:34 +0000] \"GET /css/styles.css HTTP/1.1\" 304 - \"http://localhost:3000/users/login\" \"Mozilla/5.0 (Windows NT 10.0; Win64; x64) AppleWebKit/537.36 (KHTML, like Gecko) Chrome/87.0.4280.88 Safari/537.36\"\n","level":"info"}
{"message":"::1 - - [21/Dec/2020:07:41:34 +0000] \"GET /css/bootstrap-rtl.css HTTP/1.1\" 304 - \"http://localhost:3000/users/login\" \"Mozilla/5.0 (Windows NT 10.0; Win64; x64) AppleWebKit/537.36 (KHTML, like Gecko) Chrome/87.0.4280.88 Safari/537.36\"\n","level":"info"}
{"message":"::1 - - [21/Dec/2020:07:41:34 +0000] \"GET /css/font-awesome.css HTTP/1.1\" 304 - \"http://localhost:3000/users/login\" \"Mozilla/5.0 (Windows NT 10.0; Win64; x64) AppleWebKit/537.36 (KHTML, like Gecko) Chrome/87.0.4280.88 Safari/537.36\"\n","level":"info"}
{"message":"::1 - - [21/Dec/2020:07:41:34 +0000] \"GET /css/signin.css HTTP/1.1\" 304 - \"http://localhost:3000/users/login\" \"Mozilla/5.0 (Windows NT 10.0; Win64; x64) AppleWebKit/537.36 (KHTML, like Gecko) Chrome/87.0.4280.88 Safari/537.36\"\n","level":"info"}
{"message":"::1 - - [21/Dec/2020:07:41:34 +0000] \"GET /js/jquery.slim.min.js HTTP/1.1\" 304 - \"http://localhost:3000/users/login\" \"Mozilla/5.0 (Windows NT 10.0; Win64; x64) AppleWebKit/537.36 (KHTML, like Gecko) Chrome/87.0.4280.88 Safari/537.36\"\n","level":"info"}
{"message":"::1 - - [21/Dec/2020:07:41:34 +0000] \"GET /js/bootstrap.min.js HTTP/1.1\" 304 - \"http://localhost:3000/users/login\" \"Mozilla/5.0 (Windows NT 10.0; Win64; x64) AppleWebKit/537.36 (KHTML, like Gecko) Chrome/87.0.4280.88 Safari/537.36\"\n","level":"info"}
{"message":"::1 - - [21/Dec/2020:07:41:34 +0000] \"GET /fonts/BYekan-webfont.woff HTTP/1.1\" 304 - \"http://localhost:3000/css/styles.css\" \"Mozilla/5.0 (Windows NT 10.0; Win64; x64) AppleWebKit/537.36 (KHTML, like Gecko) Chrome/87.0.4280.88 Safari/537.36\"\n","level":"info"}
{"message":"::1 - - [21/Dec/2020:07:41:38 +0000] \"GET /users/favicon.ico HTTP/1.1\" 200 1569 \"http://localhost:3000/users/login\" \"Mozilla/5.0 (Windows NT 10.0; Win64; x64) AppleWebKit/537.36 (KHTML, like Gecko) Chrome/87.0.4280.88 Safari/537.36\"\n","level":"info"}
{"message":"::1 - - [21/Dec/2020:07:41:43 +0000] \"POST /users/login HTTP/1.1\" 302 64 \"http://localhost:3000/users/login\" \"Mozilla/5.0 (Windows NT 10.0; Win64; x64) AppleWebKit/537.36 (KHTML, like Gecko) Chrome/87.0.4280.88 Safari/537.36\"\n","level":"info"}
{"message":"::1 - - [21/Dec/2020:07:41:43 +0000] \"GET /dashboard HTTP/1.1\" 304 - \"http://localhost:3000/users/login\" \"Mozilla/5.0 (Windows NT 10.0; Win64; x64) AppleWebKit/537.36 (KHTML, like Gecko) Chrome/87.0.4280.88 Safari/537.36\"\n","level":"info"}
{"message":"::1 - - [21/Dec/2020:07:41:43 +0000] \"GET /css/bootstrap-rtl.css HTTP/1.1\" 304 - \"http://localhost:3000/dashboard\" \"Mozilla/5.0 (Windows NT 10.0; Win64; x64) AppleWebKit/537.36 (KHTML, like Gecko) Chrome/87.0.4280.88 Safari/537.36\"\n","level":"info"}
{"message":"::1 - - [21/Dec/2020:07:41:43 +0000] \"GET /css/font-awesome.css HTTP/1.1\" 304 - \"http://localhost:3000/dashboard\" \"Mozilla/5.0 (Windows NT 10.0; Win64; x64) AppleWebKit/537.36 (KHTML, like Gecko) Chrome/87.0.4280.88 Safari/537.36\"\n","level":"info"}
{"message":"::1 - - [21/Dec/2020:07:41:43 +0000] \"GET /css/dashboard.css HTTP/1.1\" 304 - \"http://localhost:3000/dashboard\" \"Mozilla/5.0 (Windows NT 10.0; Win64; x64) AppleWebKit/537.36 (KHTML, like Gecko) Chrome/87.0.4280.88 Safari/537.36\"\n","level":"info"}
{"message":"::1 - - [21/Dec/2020:07:41:43 +0000] \"GET /css/styles.css HTTP/1.1\" 304 - \"http://localhost:3000/dashboard\" \"Mozilla/5.0 (Windows NT 10.0; Win64; x64) AppleWebKit/537.36 (KHTML, like Gecko) Chrome/87.0.4280.88 Safari/537.36\"\n","level":"info"}
{"message":"::1 - - [21/Dec/2020:07:41:43 +0000] \"GET /js/jquery.slim.min.js HTTP/1.1\" 304 - \"http://localhost:3000/dashboard\" \"Mozilla/5.0 (Windows NT 10.0; Win64; x64) AppleWebKit/537.36 (KHTML, like Gecko) Chrome/87.0.4280.88 Safari/537.36\"\n","level":"info"}
{"message":"::1 - - [21/Dec/2020:07:41:43 +0000] \"GET /js/bootstrap.bundle.min.js HTTP/1.1\" 304 - \"http://localhost:3000/dashboard\" \"Mozilla/5.0 (Windows NT 10.0; Win64; x64) AppleWebKit/537.36 (KHTML, like Gecko) Chrome/87.0.4280.88 Safari/537.36\"\n","level":"info"}
{"message":"::1 - - [21/Dec/2020:07:41:44 +0000] \"GET /fonts/BYekan-webfont.woff HTTP/1.1\" 304 - \"http://localhost:3000/css/styles.css\" \"Mozilla/5.0 (Windows NT 10.0; Win64; x64) AppleWebKit/537.36 (KHTML, like Gecko) Chrome/87.0.4280.88 Safari/537.36\"\n","level":"info"}
{"message":"::1 - - [21/Dec/2020:07:41:44 +0000] \"GET /fonts/fontawesome-webfont.woff2?v=4.7.0 HTTP/1.1\" 304 - \"http://localhost:3000/css/font-awesome.css\" \"Mozilla/5.0 (Windows NT 10.0; Win64; x64) AppleWebKit/537.36 (KHTML, like Gecko) Chrome/87.0.4280.88 Safari/537.36\"\n","level":"info"}
{"message":"::1 - - [21/Dec/2020:07:41:44 +0000] \"GET /favicon.ico HTTP/1.1\" 304 - \"http://localhost:3000/dashboard\" \"Mozilla/5.0 (Windows NT 10.0; Win64; x64) AppleWebKit/537.36 (KHTML, like Gecko) Chrome/87.0.4280.88 Safari/537.36\"\n","level":"info"}
{"message":"::1 - - [21/Dec/2020:07:52:25 +0000] \"GET /users/logout HTTP/1.1\" 302 68 \"http://localhost:3000/dashboard\" \"Mozilla/5.0 (Windows NT 10.0; Win64; x64) AppleWebKit/537.36 (KHTML, like Gecko) Chrome/87.0.4280.88 Safari/537.36\"\n","level":"info"}
{"message":"::1 - - [21/Dec/2020:07:52:25 +0000] \"GET /users/login HTTP/1.1\" 200 2327 \"http://localhost:3000/dashboard\" \"Mozilla/5.0 (Windows NT 10.0; Win64; x64) AppleWebKit/537.36 (KHTML, like Gecko) Chrome/87.0.4280.88 Safari/537.36\"\n","level":"info"}
{"message":"::1 - - [21/Dec/2020:07:52:25 +0000] \"GET /css/styles.css HTTP/1.1\" 304 - \"http://localhost:3000/users/login\" \"Mozilla/5.0 (Windows NT 10.0; Win64; x64) AppleWebKit/537.36 (KHTML, like Gecko) Chrome/87.0.4280.88 Safari/537.36\"\n","level":"info"}
{"message":"::1 - - [21/Dec/2020:07:52:25 +0000] \"GET /css/bootstrap-rtl.css HTTP/1.1\" 304 - \"http://localhost:3000/users/login\" \"Mozilla/5.0 (Windows NT 10.0; Win64; x64) AppleWebKit/537.36 (KHTML, like Gecko) Chrome/87.0.4280.88 Safari/537.36\"\n","level":"info"}
{"message":"::1 - - [21/Dec/2020:07:52:25 +0000] \"GET /css/font-awesome.css HTTP/1.1\" 304 - \"http://localhost:3000/users/login\" \"Mozilla/5.0 (Windows NT 10.0; Win64; x64) AppleWebKit/537.36 (KHTML, like Gecko) Chrome/87.0.4280.88 Safari/537.36\"\n","level":"info"}
{"message":"::1 - - [21/Dec/2020:07:52:25 +0000] \"GET /css/signin.css HTTP/1.1\" 304 - \"http://localhost:3000/users/login\" \"Mozilla/5.0 (Windows NT 10.0; Win64; x64) AppleWebKit/537.36 (KHTML, like Gecko) Chrome/87.0.4280.88 Safari/537.36\"\n","level":"info"}
{"message":"::1 - - [21/Dec/2020:07:52:25 +0000] \"GET /js/jquery.slim.min.js HTTP/1.1\" 304 - \"http://localhost:3000/users/login\" \"Mozilla/5.0 (Windows NT 10.0; Win64; x64) AppleWebKit/537.36 (KHTML, like Gecko) Chrome/87.0.4280.88 Safari/537.36\"\n","level":"info"}
{"message":"::1 - - [21/Dec/2020:07:52:25 +0000] \"GET /js/bootstrap.min.js HTTP/1.1\" 304 - \"http://localhost:3000/users/login\" \"Mozilla/5.0 (Windows NT 10.0; Win64; x64) AppleWebKit/537.36 (KHTML, like Gecko) Chrome/87.0.4280.88 Safari/537.36\"\n","level":"info"}
{"message":"::1 - - [21/Dec/2020:07:52:26 +0000] \"GET /fonts/BYekan-webfont.woff HTTP/1.1\" 304 - \"http://localhost:3000/css/styles.css\" \"Mozilla/5.0 (Windows NT 10.0; Win64; x64) AppleWebKit/537.36 (KHTML, like Gecko) Chrome/87.0.4280.88 Safari/537.36\"\n","level":"info"}
{"message":"::1 - - [21/Dec/2020:07:52:29 +0000] \"GET /users/favicon.ico HTTP/1.1\" 304 - \"http://localhost:3000/users/login\" \"Mozilla/5.0 (Windows NT 10.0; Win64; x64) AppleWebKit/537.36 (KHTML, like Gecko) Chrome/87.0.4280.88 Safari/537.36\"\n","level":"info"}
{"message":"::1 - - [21/Dec/2020:07:52:35 +0000] \"POST /users/login HTTP/1.1\" 302 68 \"http://localhost:3000/users/login\" \"Mozilla/5.0 (Windows NT 10.0; Win64; x64) AppleWebKit/537.36 (KHTML, like Gecko) Chrome/87.0.4280.88 Safari/537.36\"\n","level":"info"}
{"message":"::1 - - [21/Dec/2020:07:52:35 +0000] \"GET /users/login HTTP/1.1\" 200 2346 \"http://localhost:3000/users/login\" \"Mozilla/5.0 (Windows NT 10.0; Win64; x64) AppleWebKit/537.36 (KHTML, like Gecko) Chrome/87.0.4280.88 Safari/537.36\"\n","level":"info"}
{"message":"::1 - - [21/Dec/2020:07:52:35 +0000] \"GET /css/styles.css HTTP/1.1\" 304 - \"http://localhost:3000/users/login\" \"Mozilla/5.0 (Windows NT 10.0; Win64; x64) AppleWebKit/537.36 (KHTML, like Gecko) Chrome/87.0.4280.88 Safari/537.36\"\n","level":"info"}
{"message":"::1 - - [21/Dec/2020:07:52:35 +0000] \"GET /css/bootstrap-rtl.css HTTP/1.1\" 304 - \"http://localhost:3000/users/login\" \"Mozilla/5.0 (Windows NT 10.0; Win64; x64) AppleWebKit/537.36 (KHTML, like Gecko) Chrome/87.0.4280.88 Safari/537.36\"\n","level":"info"}
{"message":"::1 - - [21/Dec/2020:07:52:35 +0000] \"GET /css/font-awesome.css HTTP/1.1\" 304 - \"http://localhost:3000/users/login\" \"Mozilla/5.0 (Windows NT 10.0; Win64; x64) AppleWebKit/537.36 (KHTML, like Gecko) Chrome/87.0.4280.88 Safari/537.36\"\n","level":"info"}
{"message":"::1 - - [21/Dec/2020:07:52:35 +0000] \"GET /css/signin.css HTTP/1.1\" 304 - \"http://localhost:3000/users/login\" \"Mozilla/5.0 (Windows NT 10.0; Win64; x64) AppleWebKit/537.36 (KHTML, like Gecko) Chrome/87.0.4280.88 Safari/537.36\"\n","level":"info"}
{"message":"::1 - - [21/Dec/2020:07:52:35 +0000] \"GET /js/jquery.slim.min.js HTTP/1.1\" 304 - \"http://localhost:3000/users/login\" \"Mozilla/5.0 (Windows NT 10.0; Win64; x64) AppleWebKit/537.36 (KHTML, like Gecko) Chrome/87.0.4280.88 Safari/537.36\"\n","level":"info"}
{"message":"::1 - - [21/Dec/2020:07:52:35 +0000] \"GET /js/bootstrap.min.js HTTP/1.1\" 304 - \"http://localhost:3000/users/login\" \"Mozilla/5.0 (Windows NT 10.0; Win64; x64) AppleWebKit/537.36 (KHTML, like Gecko) Chrome/87.0.4280.88 Safari/537.36\"\n","level":"info"}
{"message":"::1 - - [21/Dec/2020:07:52:35 +0000] \"GET /fonts/BYekan-webfont.woff HTTP/1.1\" 304 - \"http://localhost:3000/css/styles.css\" \"Mozilla/5.0 (Windows NT 10.0; Win64; x64) AppleWebKit/537.36 (KHTML, like Gecko) Chrome/87.0.4280.88 Safari/537.36\"\n","level":"info"}
{"message":"::1 - - [21/Dec/2020:07:52:38 +0000] \"GET /users/favicon.ico HTTP/1.1\" 304 - \"http://localhost:3000/users/login\" \"Mozilla/5.0 (Windows NT 10.0; Win64; x64) AppleWebKit/537.36 (KHTML, like Gecko) Chrome/87.0.4280.88 Safari/537.36\"\n","level":"info"}
{"message":"::1 - - [21/Dec/2020:07:52:45 +0000] \"POST /users/login HTTP/1.1\" 302 64 \"http://localhost:3000/users/login\" \"Mozilla/5.0 (Windows NT 10.0; Win64; x64) AppleWebKit/537.36 (KHTML, like Gecko) Chrome/87.0.4280.88 Safari/537.36\"\n","level":"info"}
{"message":"::1 - - [21/Dec/2020:07:52:45 +0000] \"GET /dashboard HTTP/1.1\" 304 - \"http://localhost:3000/users/login\" \"Mozilla/5.0 (Windows NT 10.0; Win64; x64) AppleWebKit/537.36 (KHTML, like Gecko) Chrome/87.0.4280.88 Safari/537.36\"\n","level":"info"}
{"message":"::1 - - [21/Dec/2020:07:52:45 +0000] \"GET /css/bootstrap-rtl.css HTTP/1.1\" 304 - \"http://localhost:3000/dashboard\" \"Mozilla/5.0 (Windows NT 10.0; Win64; x64) AppleWebKit/537.36 (KHTML, like Gecko) Chrome/87.0.4280.88 Safari/537.36\"\n","level":"info"}
{"message":"::1 - - [21/Dec/2020:07:52:45 +0000] \"GET /css/font-awesome.css HTTP/1.1\" 304 - \"http://localhost:3000/dashboard\" \"Mozilla/5.0 (Windows NT 10.0; Win64; x64) AppleWebKit/537.36 (KHTML, like Gecko) Chrome/87.0.4280.88 Safari/537.36\"\n","level":"info"}
{"message":"::1 - - [21/Dec/2020:07:52:45 +0000] \"GET /css/dashboard.css HTTP/1.1\" 304 - \"http://localhost:3000/dashboard\" \"Mozilla/5.0 (Windows NT 10.0; Win64; x64) AppleWebKit/537.36 (KHTML, like Gecko) Chrome/87.0.4280.88 Safari/537.36\"\n","level":"info"}
{"message":"::1 - - [21/Dec/2020:07:52:45 +0000] \"GET /css/styles.css HTTP/1.1\" 304 - \"http://localhost:3000/dashboard\" \"Mozilla/5.0 (Windows NT 10.0; Win64; x64) AppleWebKit/537.36 (KHTML, like Gecko) Chrome/87.0.4280.88 Safari/537.36\"\n","level":"info"}
{"message":"::1 - - [21/Dec/2020:07:52:45 +0000] \"GET /js/jquery.slim.min.js HTTP/1.1\" 304 - \"http://localhost:3000/dashboard\" \"Mozilla/5.0 (Windows NT 10.0; Win64; x64) AppleWebKit/537.36 (KHTML, like Gecko) Chrome/87.0.4280.88 Safari/537.36\"\n","level":"info"}
{"message":"::1 - - [21/Dec/2020:07:52:45 +0000] \"GET /js/bootstrap.bundle.min.js HTTP/1.1\" 304 - \"http://localhost:3000/dashboard\" \"Mozilla/5.0 (Windows NT 10.0; Win64; x64) AppleWebKit/537.36 (KHTML, like Gecko) Chrome/87.0.4280.88 Safari/537.36\"\n","level":"info"}
{"message":"::1 - - [21/Dec/2020:07:52:46 +0000] \"GET /fonts/BYekan-webfont.woff HTTP/1.1\" 304 - \"http://localhost:3000/css/styles.css\" \"Mozilla/5.0 (Windows NT 10.0; Win64; x64) AppleWebKit/537.36 (KHTML, like Gecko) Chrome/87.0.4280.88 Safari/537.36\"\n","level":"info"}
{"message":"::1 - - [21/Dec/2020:07:52:46 +0000] \"GET /fonts/fontawesome-webfont.woff2?v=4.7.0 HTTP/1.1\" 304 - \"http://localhost:3000/css/font-awesome.css\" \"Mozilla/5.0 (Windows NT 10.0; Win64; x64) AppleWebKit/537.36 (KHTML, like Gecko) Chrome/87.0.4280.88 Safari/537.36\"\n","level":"info"}
{"message":"::1 - - [26/Sep/2024:19:42:10 +0000] \"GET /css/styles.css HTTP/1.1\" 304 - \"http://localhost:3000/\" \"Mozilla/5.0 (Windows NT 10.0; Win64; x64) AppleWebKit/537.36 (KHTML, like Gecko) Chrome/129.0.0.0 Safari/537.36\"\n","level":"info"}
{"message":"::1 - - [26/Sep/2024:19:42:10 +0000] \"GET /css/bootstrap-rtl.css HTTP/1.1\" 304 - \"http://localhost:3000/\" \"Mozilla/5.0 (Windows NT 10.0; Win64; x64) AppleWebKit/537.36 (KHTML, like Gecko) Chrome/129.0.0.0 Safari/537.36\"\n","level":"info"}
{"message":"::1 - - [26/Sep/2024:19:42:10 +0000] \"GET /js/bootstrap.min.js HTTP/1.1\" 304 - \"http://localhost:3000/\" \"Mozilla/5.0 (Windows NT 10.0; Win64; x64) AppleWebKit/537.36 (KHTML, like Gecko) Chrome/129.0.0.0 Safari/537.36\"\n","level":"info"}
{"message":"::1 - - [26/Sep/2024:19:42:10 +0000] \"GET /js/jquery.slim.min.js HTTP/1.1\" 304 - \"http://localhost:3000/\" \"Mozilla/5.0 (Windows NT 10.0; Win64; x64) AppleWebKit/537.36 (KHTML, like Gecko) Chrome/129.0.0.0 Safari/537.36\"\n","level":"info"}
{"message":"::1 - - [26/Sep/2024:19:42:10 +0000] \"GET /css/font-awesome.css HTTP/1.1\" 304 - \"http://localhost:3000/\" \"Mozilla/5.0 (Windows NT 10.0; Win64; x64) AppleWebKit/537.36 (KHTML, like Gecko) Chrome/129.0.0.0 Safari/537.36\"\n","level":"info"}
{"message":"::1 - - [26/Sep/2024:19:42:10 +0000] \"GET /fonts/BYekan-webfont.woff HTTP/1.1\" 304 - \"http://localhost:3000/css/styles.css\" \"Mozilla/5.0 (Windows NT 10.0; Win64; x64) AppleWebKit/537.36 (KHTML, like Gecko) Chrome/129.0.0.0 Safari/537.36\"\n","level":"info"}
{"message":"::1 - - [26/Sep/2024:19:42:15 +0000] \"GET /users/login HTTP/1.1\" 200 2050 \"-\" \"Mozilla/5.0 (Windows NT 10.0; Win64; x64) AppleWebKit/537.36 (KHTML, like Gecko) Chrome/129.0.0.0 Safari/537.36\"\n","level":"info"}
{"message":"::1 - - [26/Sep/2024:19:42:15 +0000] \"GET /css/styles.css HTTP/1.1\" 304 - \"http://localhost:3000/users/login\" \"Mozilla/5.0 (Windows NT 10.0; Win64; x64) AppleWebKit/537.36 (KHTML, like Gecko) Chrome/129.0.0.0 Safari/537.36\"\n","level":"info"}
{"message":"::1 - - [26/Sep/2024:19:42:15 +0000] \"GET /css/bootstrap-rtl.css HTTP/1.1\" 304 - \"http://localhost:3000/users/login\" \"Mozilla/5.0 (Windows NT 10.0; Win64; x64) AppleWebKit/537.36 (KHTML, like Gecko) Chrome/129.0.0.0 Safari/537.36\"\n","level":"info"}
{"message":"::1 - - [26/Sep/2024:19:42:15 +0000] \"GET /css/signin.css HTTP/1.1\" 304 - \"http://localhost:3000/users/login\" \"Mozilla/5.0 (Windows NT 10.0; Win64; x64) AppleWebKit/537.36 (KHTML, like Gecko) Chrome/129.0.0.0 Safari/537.36\"\n","level":"info"}
{"message":"::1 - - [26/Sep/2024:19:42:15 +0000] \"GET /css/font-awesome.css HTTP/1.1\" 304 - \"http://localhost:3000/users/login\" \"Mozilla/5.0 (Windows NT 10.0; Win64; x64) AppleWebKit/537.36 (KHTML, like Gecko) Chrome/129.0.0.0 Safari/537.36\"\n","level":"info"}
{"message":"::1 - - [26/Sep/2024:19:42:15 +0000] \"GET /js/jquery.slim.min.js HTTP/1.1\" 304 - \"http://localhost:3000/users/login\" \"Mozilla/5.0 (Windows NT 10.0; Win64; x64) AppleWebKit/537.36 (KHTML, like Gecko) Chrome/129.0.0.0 Safari/537.36\"\n","level":"info"}
{"message":"::1 - - [26/Sep/2024:19:42:15 +0000] \"GET /js/bootstrap.min.js HTTP/1.1\" 304 - \"http://localhost:3000/users/login\" \"Mozilla/5.0 (Windows NT 10.0; Win64; x64) AppleWebKit/537.36 (KHTML, like Gecko) Chrome/129.0.0.0 Safari/537.36\"\n","level":"info"}
{"message":"::1 - - [26/Sep/2024:19:42:18 +0000] \"GET /users/favicon.ico HTTP/1.1\" 304 - \"http://localhost:3000/users/login\" \"Mozilla/5.0 (Windows NT 10.0; Win64; x64) AppleWebKit/537.36 (KHTML, like Gecko) Chrome/129.0.0.0 Safari/537.36\"\n","level":"info"}
{"message":"::1 - - [26/Sep/2024:19:42:28 +0000] \"GET /users/register HTTP/1.1\" 200 2374 \"-\" \"Mozilla/5.0 (Windows NT 10.0; Win64; x64) AppleWebKit/537.36 (KHTML, like Gecko) Chrome/129.0.0.0 Safari/537.36\"\n","level":"info"}
{"message":"::1 - - [26/Sep/2024:19:42:28 +0000] \"GET /css/styles.css HTTP/1.1\" 304 - \"http://localhost:3000/users/register\" \"Mozilla/5.0 (Windows NT 10.0; Win64; x64) AppleWebKit/537.36 (KHTML, like Gecko) Chrome/129.0.0.0 Safari/537.36\"\n","level":"info"}
{"message":"::1 - - [26/Sep/2024:19:42:28 +0000] \"GET /css/bootstrap-rtl.css HTTP/1.1\" 304 - \"http://localhost:3000/users/register\" \"Mozilla/5.0 (Windows NT 10.0; Win64; x64) AppleWebKit/537.36 (KHTML, like Gecko) Chrome/129.0.0.0 Safari/537.36\"\n","level":"info"}
{"message":"::1 - - [26/Sep/2024:19:42:28 +0000] \"GET /css/font-awesome.css HTTP/1.1\" 304 - \"http://localhost:3000/users/register\" \"Mozilla/5.0 (Windows NT 10.0; Win64; x64) AppleWebKit/537.36 (KHTML, like Gecko) Chrome/129.0.0.0 Safari/537.36\"\n","level":"info"}
{"message":"::1 - - [26/Sep/2024:19:42:28 +0000] \"GET /css/signin.css HTTP/1.1\" 304 - \"http://localhost:3000/users/register\" \"Mozilla/5.0 (Windows NT 10.0; Win64; x64) AppleWebKit/537.36 (KHTML, like Gecko) Chrome/129.0.0.0 Safari/537.36\"\n","level":"info"}
{"message":"::1 - - [26/Sep/2024:19:42:28 +0000] \"GET /js/jquery.slim.min.js HTTP/1.1\" 304 - \"http://localhost:3000/users/register\" \"Mozilla/5.0 (Windows NT 10.0; Win64; x64) AppleWebKit/537.36 (KHTML, like Gecko) Chrome/129.0.0.0 Safari/537.36\"\n","level":"info"}
{"message":"::1 - - [26/Sep/2024:19:42:29 +0000] \"GET /js/bootstrap.min.js HTTP/1.1\" 304 - \"http://localhost:3000/users/register\" \"Mozilla/5.0 (Windows NT 10.0; Win64; x64) AppleWebKit/537.36 (KHTML, like Gecko) Chrome/129.0.0.0 Safari/537.36\"\n","level":"info"}
{"message":"::1 - - [26/Sep/2024:19:42:29 +0000] \"GET /fonts/BYekan-webfont.woff HTTP/1.1\" 304 - \"http://localhost:3000/css/styles.css\" \"Mozilla/5.0 (Windows NT 10.0; Win64; x64) AppleWebKit/537.36 (KHTML, like Gecko) Chrome/129.0.0.0 Safari/537.36\"\n","level":"info"}
{"message":"::1 - - [26/Sep/2024:19:42:30 +0000] \"GET /users/favicon.ico HTTP/1.1\" 304 - \"http://localhost:3000/users/register\" \"Mozilla/5.0 (Windows NT 10.0; Win64; x64) AppleWebKit/537.36 (KHTML, like Gecko) Chrome/129.0.0.0 Safari/537.36\"\n","level":"info"}
{"message":"::1 - - [26/Sep/2024:19:46:37 +0000] \"POST /users/register HTTP/1.1\" 302 41 \"http://localhost:3000/users/register\" \"Mozilla/5.0 (Windows NT 10.0; Win64; x64) AppleWebKit/537.36 (KHTML, like Gecko) Chrome/129.0.0.0 Safari/537.36\"\n","level":"info"}
{"message":"::1 - - [26/Sep/2024:19:46:38 +0000] \"GET /users/login HTTP/1.1\" 200 2333 \"http://localhost:3000/users/register\" \"Mozilla/5.0 (Windows NT 10.0; Win64; x64) AppleWebKit/537.36 (KHTML, like Gecko) Chrome/129.0.0.0 Safari/537.36\"\n","level":"info"}
{"message":"::1 - - [26/Sep/2024:19:46:38 +0000] \"GET /css/styles.css HTTP/1.1\" 304 - \"http://localhost:3000/users/login\" \"Mozilla/5.0 (Windows NT 10.0; Win64; x64) AppleWebKit/537.36 (KHTML, like Gecko) Chrome/129.0.0.0 Safari/537.36\"\n","level":"info"}
{"message":"::1 - - [26/Sep/2024:19:46:38 +0000] \"GET /css/bootstrap-rtl.css HTTP/1.1\" 304 - \"http://localhost:3000/users/login\" \"Mozilla/5.0 (Windows NT 10.0; Win64; x64) AppleWebKit/537.36 (KHTML, like Gecko) Chrome/129.0.0.0 Safari/537.36\"\n","level":"info"}
{"message":"::1 - - [26/Sep/2024:19:46:38 +0000] \"GET /css/font-awesome.css HTTP/1.1\" 304 - \"http://localhost:3000/users/login\" \"Mozilla/5.0 (Windows NT 10.0; Win64; x64) AppleWebKit/537.36 (KHTML, like Gecko) Chrome/129.0.0.0 Safari/537.36\"\n","level":"info"}
{"message":"::1 - - [26/Sep/2024:19:46:38 +0000] \"GET /js/jquery.slim.min.js HTTP/1.1\" 304 - \"http://localhost:3000/users/login\" \"Mozilla/5.0 (Windows NT 10.0; Win64; x64) AppleWebKit/537.36 (KHTML, like Gecko) Chrome/129.0.0.0 Safari/537.36\"\n","level":"info"}
{"message":"::1 - - [26/Sep/2024:19:46:38 +0000] \"GET /js/bootstrap.min.js HTTP/1.1\" 304 - \"http://localhost:3000/users/login\" \"Mozilla/5.0 (Windows NT 10.0; Win64; x64) AppleWebKit/537.36 (KHTML, like Gecko) Chrome/129.0.0.0 Safari/537.36\"\n","level":"info"}
{"message":"::1 - - [26/Sep/2024:19:46:38 +0000] \"GET /css/signin.css HTTP/1.1\" 304 - \"http://localhost:3000/users/login\" \"Mozilla/5.0 (Windows NT 10.0; Win64; x64) AppleWebKit/537.36 (KHTML, like Gecko) Chrome/129.0.0.0 Safari/537.36\"\n","level":"info"}
{"message":"::1 - - [26/Sep/2024:19:46:38 +0000] \"GET /fonts/BYekan-webfont.woff HTTP/1.1\" 304 - \"http://localhost:3000/css/styles.css\" \"Mozilla/5.0 (Windows NT 10.0; Win64; x64) AppleWebKit/537.36 (KHTML, like Gecko) Chrome/129.0.0.0 Safari/537.36\"\n","level":"info"}
{"message":"::1 - - [26/Sep/2024:19:46:39 +0000] \"GET /users/favicon.ico HTTP/1.1\" 304 - \"http://localhost:3000/users/login\" \"Mozilla/5.0 (Windows NT 10.0; Win64; x64) AppleWebKit/537.36 (KHTML, like Gecko) Chrome/129.0.0.0 Safari/537.36\"\n","level":"info"}
{"message":"::1 - - [26/Sep/2024:20:22:23 +0000] \"GET /users/login HTTP/1.1\" 200 2050 \"http://localhost:3000/users/register\" \"Mozilla/5.0 (Windows NT 10.0; Win64; x64) AppleWebKit/537.36 (KHTML, like Gecko) Chrome/129.0.0.0 Safari/537.36\"\n","level":"info"}
{"message":"::1 - - [26/Sep/2024:20:22:23 +0000] \"GET /css/styles.css HTTP/1.1\" 304 - \"http://localhost:3000/users/login\" \"Mozilla/5.0 (Windows NT 10.0; Win64; x64) AppleWebKit/537.36 (KHTML, like Gecko) Chrome/129.0.0.0 Safari/537.36\"\n","level":"info"}
{"message":"::1 - - [26/Sep/2024:20:22:23 +0000] \"GET /css/font-awesome.css HTTP/1.1\" 304 - \"http://localhost:3000/users/login\" \"Mozilla/5.0 (Windows NT 10.0; Win64; x64) AppleWebKit/537.36 (KHTML, like Gecko) Chrome/129.0.0.0 Safari/537.36\"\n","level":"info"}
{"message":"::1 - - [26/Sep/2024:20:22:23 +0000] \"GET /css/signin.css HTTP/1.1\" 304 - \"http://localhost:3000/users/login\" \"Mozilla/5.0 (Windows NT 10.0; Win64; x64) AppleWebKit/537.36 (KHTML, like Gecko) Chrome/129.0.0.0 Safari/537.36\"\n","level":"info"}
{"message":"::1 - - [26/Sep/2024:20:22:23 +0000] \"GET /css/bootstrap-rtl.css HTTP/1.1\" 304 - \"http://localhost:3000/users/login\" \"Mozilla/5.0 (Windows NT 10.0; Win64; x64) AppleWebKit/537.36 (KHTML, like Gecko) Chrome/129.0.0.0 Safari/537.36\"\n","level":"info"}
{"message":"::1 - - [26/Sep/2024:20:22:23 +0000] \"GET /js/bootstrap.min.js HTTP/1.1\" 304 - \"http://localhost:3000/users/login\" \"Mozilla/5.0 (Windows NT 10.0; Win64; x64) AppleWebKit/537.36 (KHTML, like Gecko) Chrome/129.0.0.0 Safari/537.36\"\n","level":"info"}
{"message":"::1 - - [26/Sep/2024:20:22:23 +0000] \"GET /js/jquery.slim.min.js HTTP/1.1\" 304 - \"http://localhost:3000/users/login\" \"Mozilla/5.0 (Windows NT 10.0; Win64; x64) AppleWebKit/537.36 (KHTML, like Gecko) Chrome/129.0.0.0 Safari/537.36\"\n","level":"info"}
{"message":"::1 - - [26/Sep/2024:20:22:23 +0000] \"GET /fonts/BYekan-webfont.woff HTTP/1.1\" 304 - \"http://localhost:3000/css/styles.css\" \"Mozilla/5.0 (Windows NT 10.0; Win64; x64) AppleWebKit/537.36 (KHTML, like Gecko) Chrome/129.0.0.0 Safari/537.36\"\n","level":"info"}
{"message":"::1 - - [26/Sep/2024:20:22:36 +0000] \"GET /users/favicon.ico HTTP/1.1\" 304 - \"http://localhost:3000/users/login\" \"Mozilla/5.0 (Windows NT 10.0; Win64; x64) AppleWebKit/537.36 (KHTML, like Gecko) Chrome/129.0.0.0 Safari/537.36\"\n","level":"info"}
{"message":"::1 - - [26/Sep/2024:20:24:02 +0000] \"GET /users/login HTTP/1.1\" 304 - \"http://localhost:3000/users/register\" \"Mozilla/5.0 (Windows NT 10.0; Win64; x64) AppleWebKit/537.36 (KHTML, like Gecko) Chrome/129.0.0.0 Safari/537.36\"\n","level":"info"}
{"message":"::1 - - [26/Sep/2024:20:24:02 +0000] \"GET /css/styles.css HTTP/1.1\" 304 - \"http://localhost:3000/users/login\" \"Mozilla/5.0 (Windows NT 10.0; Win64; x64) AppleWebKit/537.36 (KHTML, like Gecko) Chrome/129.0.0.0 Safari/537.36\"\n","level":"info"}
{"message":"::1 - - [26/Sep/2024:20:24:02 +0000] \"GET /css/bootstrap-rtl.css HTTP/1.1\" 304 - \"http://localhost:3000/users/login\" \"Mozilla/5.0 (Windows NT 10.0; Win64; x64) AppleWebKit/537.36 (KHTML, like Gecko) Chrome/129.0.0.0 Safari/537.36\"\n","level":"info"}
{"message":"::1 - - [26/Sep/2024:20:24:03 +0000] \"GET /css/font-awesome.css HTTP/1.1\" 304 - \"http://localhost:3000/users/login\" \"Mozilla/5.0 (Windows NT 10.0; Win64; x64) AppleWebKit/537.36 (KHTML, like Gecko) Chrome/129.0.0.0 Safari/537.36\"\n","level":"info"}
{"message":"::1 - - [26/Sep/2024:20:24:03 +0000] \"GET /css/signin.css HTTP/1.1\" 304 - \"http://localhost:3000/users/login\" \"Mozilla/5.0 (Windows NT 10.0; Win64; x64) AppleWebKit/537.36 (KHTML, like Gecko) Chrome/129.0.0.0 Safari/537.36\"\n","level":"info"}
{"message":"::1 - - [26/Sep/2024:20:24:03 +0000] \"GET /js/jquery.slim.min.js HTTP/1.1\" 304 - \"http://localhost:3000/users/login\" \"Mozilla/5.0 (Windows NT 10.0; Win64; x64) AppleWebKit/537.36 (KHTML, like Gecko) Chrome/129.0.0.0 Safari/537.36\"\n","level":"info"}
{"message":"::1 - - [26/Sep/2024:20:24:03 +0000] \"GET /js/bootstrap.min.js HTTP/1.1\" 304 - \"http://localhost:3000/users/login\" \"Mozilla/5.0 (Windows NT 10.0; Win64; x64) AppleWebKit/537.36 (KHTML, like Gecko) Chrome/129.0.0.0 Safari/537.36\"\n","level":"info"}
{"message":"::1 - - [26/Sep/2024:20:24:04 +0000] \"GET /users/favicon.ico HTTP/1.1\" 304 - \"http://localhost:3000/users/login\" \"Mozilla/5.0 (Windows NT 10.0; Win64; x64) AppleWebKit/537.36 (KHTML, like Gecko) Chrome/129.0.0.0 Safari/537.36\"\n","level":"info"}
{"message":"::1 - - [26/Sep/2024:20:27:03 +0000] \"GET /users/login HTTP/1.1\" 304 - \"http://localhost:3000/users/register\" \"Mozilla/5.0 (Windows NT 10.0; Win64; x64) AppleWebKit/537.36 (KHTML, like Gecko) Chrome/129.0.0.0 Safari/537.36\"\n","level":"info"}
{"message":"::1 - - [26/Sep/2024:20:27:03 +0000] \"GET /css/styles.css HTTP/1.1\" 304 - \"http://localhost:3000/users/login\" \"Mozilla/5.0 (Windows NT 10.0; Win64; x64) AppleWebKit/537.36 (KHTML, like Gecko) Chrome/129.0.0.0 Safari/537.36\"\n","level":"info"}
{"message":"::1 - - [26/Sep/2024:20:27:03 +0000] \"GET /css/bootstrap-rtl.css HTTP/1.1\" 304 - \"http://localhost:3000/users/login\" \"Mozilla/5.0 (Windows NT 10.0; Win64; x64) AppleWebKit/537.36 (KHTML, like Gecko) Chrome/129.0.0.0 Safari/537.36\"\n","level":"info"}
{"message":"::1 - - [26/Sep/2024:20:27:03 +0000] \"GET /css/font-awesome.css HTTP/1.1\" 304 - \"http://localhost:3000/users/login\" \"Mozilla/5.0 (Windows NT 10.0; Win64; x64) AppleWebKit/537.36 (KHTML, like Gecko) Chrome/129.0.0.0 Safari/537.36\"\n","level":"info"}
{"message":"::1 - - [26/Sep/2024:20:27:03 +0000] \"GET /css/signin.css HTTP/1.1\" 304 - \"http://localhost:3000/users/login\" \"Mozilla/5.0 (Windows NT 10.0; Win64; x64) AppleWebKit/537.36 (KHTML, like Gecko) Chrome/129.0.0.0 Safari/537.36\"\n","level":"info"}
{"message":"::1 - - [26/Sep/2024:20:27:03 +0000] \"GET /js/jquery.slim.min.js HTTP/1.1\" 304 - \"http://localhost:3000/users/login\" \"Mozilla/5.0 (Windows NT 10.0; Win64; x64) AppleWebKit/537.36 (KHTML, like Gecko) Chrome/129.0.0.0 Safari/537.36\"\n","level":"info"}
{"message":"::1 - - [26/Sep/2024:20:27:03 +0000] \"GET /js/bootstrap.min.js HTTP/1.1\" 304 - \"http://localhost:3000/users/login\" \"Mozilla/5.0 (Windows NT 10.0; Win64; x64) AppleWebKit/537.36 (KHTML, like Gecko) Chrome/129.0.0.0 Safari/537.36\"\n","level":"info"}
{"message":"::1 - - [26/Sep/2024:20:27:05 +0000] \"GET /users/favicon.ico HTTP/1.1\" 304 - \"http://localhost:3000/users/login\" \"Mozilla/5.0 (Windows NT 10.0; Win64; x64) AppleWebKit/537.36 (KHTML, like Gecko) Chrome/129.0.0.0 Safari/537.36\"\n","level":"info"}
{"message":"::1 - - [26/Sep/2024:20:27:20 +0000] \"POST /users/login HTTP/1.1\" 302 41 \"http://localhost:3000/users/login\" \"Mozilla/5.0 (Windows NT 10.0; Win64; x64) AppleWebKit/537.36 (KHTML, like Gecko) Chrome/129.0.0.0 Safari/537.36\"\n","level":"info"}
{"message":"::1 - - [26/Sep/2024:20:27:20 +0000] \"GET /users/login HTTP/1.1\" 200 2341 \"http://localhost:3000/users/login\" \"Mozilla/5.0 (Windows NT 10.0; Win64; x64) AppleWebKit/537.36 (KHTML, like Gecko) Chrome/129.0.0.0 Safari/537.36\"\n","level":"info"}
{"message":"::1 - - [26/Sep/2024:20:27:20 +0000] \"GET /css/styles.css HTTP/1.1\" 304 - \"http://localhost:3000/users/login\" \"Mozilla/5.0 (Windows NT 10.0; Win64; x64) AppleWebKit/537.36 (KHTML, like Gecko) Chrome/129.0.0.0 Safari/537.36\"\n","level":"info"}
{"message":"::1 - - [26/Sep/2024:20:27:20 +0000] \"GET /css/bootstrap-rtl.css HTTP/1.1\" 304 - \"http://localhost:3000/users/login\" \"Mozilla/5.0 (Windows NT 10.0; Win64; x64) AppleWebKit/537.36 (KHTML, like Gecko) Chrome/129.0.0.0 Safari/537.36\"\n","level":"info"}
{"message":"::1 - - [26/Sep/2024:20:27:20 +0000] \"GET /css/font-awesome.css HTTP/1.1\" 304 - \"http://localhost:3000/users/login\" \"Mozilla/5.0 (Windows NT 10.0; Win64; x64) AppleWebKit/537.36 (KHTML, like Gecko) Chrome/129.0.0.0 Safari/537.36\"\n","level":"info"}
{"message":"::1 - - [26/Sep/2024:20:27:21 +0000] \"GET /js/jquery.slim.min.js HTTP/1.1\" 304 - \"http://localhost:3000/users/login\" \"Mozilla/5.0 (Windows NT 10.0; Win64; x64) AppleWebKit/537.36 (KHTML, like Gecko) Chrome/129.0.0.0 Safari/537.36\"\n","level":"info"}
{"message":"::1 - - [26/Sep/2024:20:27:21 +0000] \"GET /css/signin.css HTTP/1.1\" 304 - \"http://localhost:3000/users/login\" \"Mozilla/5.0 (Windows NT 10.0; Win64; x64) AppleWebKit/537.36 (KHTML, like Gecko) Chrome/129.0.0.0 Safari/537.36\"\n","level":"info"}
{"message":"::1 - - [26/Sep/2024:20:27:21 +0000] \"GET /js/bootstrap.min.js HTTP/1.1\" 304 - \"http://localhost:3000/users/login\" \"Mozilla/5.0 (Windows NT 10.0; Win64; x64) AppleWebKit/537.36 (KHTML, like Gecko) Chrome/129.0.0.0 Safari/537.36\"\n","level":"info"}
{"message":"::1 - - [26/Sep/2024:20:27:21 +0000] \"GET /users/favicon.ico HTTP/1.1\" 304 - \"http://localhost:3000/users/login\" \"Mozilla/5.0 (Windows NT 10.0; Win64; x64) AppleWebKit/537.36 (KHTML, like Gecko) Chrome/129.0.0.0 Safari/537.36\"\n","level":"info"}
{"message":"::1 - - [26/Sep/2024:20:27:25 +0000] \"GET /users/register HTTP/1.1\" 200 2374 \"-\" \"Mozilla/5.0 (Windows NT 10.0; Win64; x64) AppleWebKit/537.36 (KHTML, like Gecko) Chrome/129.0.0.0 Safari/537.36\"\n","level":"info"}
{"message":"::1 - - [26/Sep/2024:20:27:26 +0000] \"GET /css/styles.css HTTP/1.1\" 304 - \"http://localhost:3000/users/register\" \"Mozilla/5.0 (Windows NT 10.0; Win64; x64) AppleWebKit/537.36 (KHTML, like Gecko) Chrome/129.0.0.0 Safari/537.36\"\n","level":"info"}
{"message":"::1 - - [26/Sep/2024:20:27:26 +0000] \"GET /css/bootstrap-rtl.css HTTP/1.1\" 304 - \"http://localhost:3000/users/register\" \"Mozilla/5.0 (Windows NT 10.0; Win64; x64) AppleWebKit/537.36 (KHTML, like Gecko) Chrome/129.0.0.0 Safari/537.36\"\n","level":"info"}
{"message":"::1 - - [26/Sep/2024:20:27:26 +0000] \"GET /css/font-awesome.css HTTP/1.1\" 304 - \"http://localhost:3000/users/register\" \"Mozilla/5.0 (Windows NT 10.0; Win64; x64) AppleWebKit/537.36 (KHTML, like Gecko) Chrome/129.0.0.0 Safari/537.36\"\n","level":"info"}
{"message":"::1 - - [26/Sep/2024:20:27:26 +0000] \"GET /css/signin.css HTTP/1.1\" 304 - \"http://localhost:3000/users/register\" \"Mozilla/5.0 (Windows NT 10.0; Win64; x64) AppleWebKit/537.36 (KHTML, like Gecko) Chrome/129.0.0.0 Safari/537.36\"\n","level":"info"}
{"message":"::1 - - [26/Sep/2024:20:27:26 +0000] \"GET /js/jquery.slim.min.js HTTP/1.1\" 304 - \"http://localhost:3000/users/register\" \"Mozilla/5.0 (Windows NT 10.0; Win64; x64) AppleWebKit/537.36 (KHTML, like Gecko) Chrome/129.0.0.0 Safari/537.36\"\n","level":"info"}
{"message":"::1 - - [26/Sep/2024:20:27:26 +0000] \"GET /js/bootstrap.min.js HTTP/1.1\" 304 - \"http://localhost:3000/users/register\" \"Mozilla/5.0 (Windows NT 10.0; Win64; x64) AppleWebKit/537.36 (KHTML, like Gecko) Chrome/129.0.0.0 Safari/537.36\"\n","level":"info"}
{"message":"::1 - - [26/Sep/2024:20:27:26 +0000] \"GET /fonts/BYekan-webfont.woff HTTP/1.1\" 304 - \"http://localhost:3000/css/styles.css\" \"Mozilla/5.0 (Windows NT 10.0; Win64; x64) AppleWebKit/537.36 (KHTML, like Gecko) Chrome/129.0.0.0 Safari/537.36\"\n","level":"info"}
{"message":"::1 - - [26/Sep/2024:20:27:27 +0000] \"GET /users/favicon.ico HTTP/1.1\" 304 - \"http://localhost:3000/users/register\" \"Mozilla/5.0 (Windows NT 10.0; Win64; x64) AppleWebKit/537.36 (KHTML, like Gecko) Chrome/129.0.0.0 Safari/537.36\"\n","level":"info"}
{"message":"::1 - - [26/Sep/2024:20:27:42 +0000] \"POST /users/register HTTP/1.1\" 302 41 \"http://localhost:3000/users/register\" \"Mozilla/5.0 (Windows NT 10.0; Win64; x64) AppleWebKit/537.36 (KHTML, like Gecko) Chrome/129.0.0.0 Safari/537.36\"\n","level":"info"}
{"message":"::1 - - [26/Sep/2024:20:27:42 +0000] \"GET /users/login HTTP/1.1\" 200 2333 \"http://localhost:3000/users/register\" \"Mozilla/5.0 (Windows NT 10.0; Win64; x64) AppleWebKit/537.36 (KHTML, like Gecko) Chrome/129.0.0.0 Safari/537.36\"\n","level":"info"}
{"message":"::1 - - [26/Sep/2024:20:27:42 +0000] \"GET /css/styles.css HTTP/1.1\" 304 - \"http://localhost:3000/users/login\" \"Mozilla/5.0 (Windows NT 10.0; Win64; x64) AppleWebKit/537.36 (KHTML, like Gecko) Chrome/129.0.0.0 Safari/537.36\"\n","level":"info"}
{"message":"::1 - - [26/Sep/2024:20:27:42 +0000] \"GET /css/bootstrap-rtl.css HTTP/1.1\" 304 - \"http://localhost:3000/users/login\" \"Mozilla/5.0 (Windows NT 10.0; Win64; x64) AppleWebKit/537.36 (KHTML, like Gecko) Chrome/129.0.0.0 Safari/537.36\"\n","level":"info"}
{"message":"::1 - - [26/Sep/2024:20:27:42 +0000] \"GET /css/font-awesome.css HTTP/1.1\" 304 - \"http://localhost:3000/users/login\" \"Mozilla/5.0 (Windows NT 10.0; Win64; x64) AppleWebKit/537.36 (KHTML, like Gecko) Chrome/129.0.0.0 Safari/537.36\"\n","level":"info"}
{"message":"::1 - - [26/Sep/2024:20:27:42 +0000] \"GET /css/signin.css HTTP/1.1\" 304 - \"http://localhost:3000/users/login\" \"Mozilla/5.0 (Windows NT 10.0; Win64; x64) AppleWebKit/537.36 (KHTML, like Gecko) Chrome/129.0.0.0 Safari/537.36\"\n","level":"info"}
{"message":"::1 - - [26/Sep/2024:20:27:42 +0000] \"GET /js/jquery.slim.min.js HTTP/1.1\" 304 - \"http://localhost:3000/users/login\" \"Mozilla/5.0 (Windows NT 10.0; Win64; x64) AppleWebKit/537.36 (KHTML, like Gecko) Chrome/129.0.0.0 Safari/537.36\"\n","level":"info"}
{"message":"::1 - - [26/Sep/2024:20:27:42 +0000] \"GET /js/bootstrap.min.js HTTP/1.1\" 304 - \"http://localhost:3000/users/login\" \"Mozilla/5.0 (Windows NT 10.0; Win64; x64) AppleWebKit/537.36 (KHTML, like Gecko) Chrome/129.0.0.0 Safari/537.36\"\n","level":"info"}
{"message":"::1 - - [26/Sep/2024:20:27:44 +0000] \"GET /users/favicon.ico HTTP/1.1\" 304 - \"http://localhost:3000/users/login\" \"Mozilla/5.0 (Windows NT 10.0; Win64; x64) AppleWebKit/537.36 (KHTML, like Gecko) Chrome/129.0.0.0 Safari/537.36\"\n","level":"info"}
{"message":"::1 - - [26/Sep/2024:20:28:00 +0000] \"POST /users/login HTTP/1.1\" 302 39 \"http://localhost:3000/users/login\" \"Mozilla/5.0 (Windows NT 10.0; Win64; x64) AppleWebKit/537.36 (KHTML, like Gecko) Chrome/129.0.0.0 Safari/537.36\"\n","level":"info"}
{"message":"::1 - - [26/Sep/2024:20:28:00 +0000] \"GET /dashboard HTTP/1.1\" 200 4293 \"http://localhost:3000/users/login\" \"Mozilla/5.0 (Windows NT 10.0; Win64; x64) AppleWebKit/537.36 (KHTML, like Gecko) Chrome/129.0.0.0 Safari/537.36\"\n","level":"info"}
{"message":"::1 - - [26/Sep/2024:20:28:00 +0000] \"GET /css/bootstrap-rtl.css HTTP/1.1\" 304 - \"http://localhost:3000/dashboard\" \"Mozilla/5.0 (Windows NT 10.0; Win64; x64) AppleWebKit/537.36 (KHTML, like Gecko) Chrome/129.0.0.0 Safari/537.36\"\n","level":"info"}
{"message":"::1 - - [26/Sep/2024:20:28:00 +0000] \"GET /css/font-awesome.css HTTP/1.1\" 304 - \"http://localhost:3000/dashboard\" \"Mozilla/5.0 (Windows NT 10.0; Win64; x64) AppleWebKit/537.36 (KHTML, like Gecko) Chrome/129.0.0.0 Safari/537.36\"\n","level":"info"}
{"message":"::1 - - [26/Sep/2024:20:28:00 +0000] \"GET /css/dashboard.css HTTP/1.1\" 304 - \"http://localhost:3000/dashboard\" \"Mozilla/5.0 (Windows NT 10.0; Win64; x64) AppleWebKit/537.36 (KHTML, like Gecko) Chrome/129.0.0.0 Safari/537.36\"\n","level":"info"}
{"message":"::1 - - [26/Sep/2024:20:28:00 +0000] \"GET /css/styles.css HTTP/1.1\" 304 - \"http://localhost:3000/dashboard\" \"Mozilla/5.0 (Windows NT 10.0; Win64; x64) AppleWebKit/537.36 (KHTML, like Gecko) Chrome/129.0.0.0 Safari/537.36\"\n","level":"info"}
{"message":"::1 - - [26/Sep/2024:20:28:00 +0000] \"GET /js/jquery.slim.min.js HTTP/1.1\" 304 - \"http://localhost:3000/dashboard\" \"Mozilla/5.0 (Windows NT 10.0; Win64; x64) AppleWebKit/537.36 (KHTML, like Gecko) Chrome/129.0.0.0 Safari/537.36\"\n","level":"info"}
{"message":"::1 - - [26/Sep/2024:20:28:00 +0000] \"GET /js/bootstrap.bundle.min.js HTTP/1.1\" 304 - \"http://localhost:3000/dashboard\" \"Mozilla/5.0 (Windows NT 10.0; Win64; x64) AppleWebKit/537.36 (KHTML, like Gecko) Chrome/129.0.0.0 Safari/537.36\"\n","level":"info"}
{"message":"::1 - - [26/Sep/2024:20:28:00 +0000] \"GET /fonts/fontawesome-webfont.woff2?v=4.7.0 HTTP/1.1\" 304 - \"http://localhost:3000/css/font-awesome.css\" \"Mozilla/5.0 (Windows NT 10.0; Win64; x64) AppleWebKit/537.36 (KHTML, like Gecko) Chrome/129.0.0.0 Safari/537.36\"\n","level":"info"}
